<?xml version="1.0" encoding="UTF-8"?>
<!-- Generated by org.testng.reporters.JUnitReportReporter -->
<testsuite skipped="0" hostname="DESKTOP-RBRK20I" name="handlingradiobutton" tests="1" failures="0" timestamp="2021-05-19T13:51:59 IST" time="8.479" errors="0">
  <testcase name="verifyradiobutton" time="8.479" classname="handlingradiobutton"/>
  <system-out/>
</testsuite> <!-- handlingradiobutton -->
