<?xml version="1.0" encoding="UTF-8"?>
<!-- Generated by org.testng.reporters.JUnitReportReporter -->
<testsuite skipped="0" hostname="DESKTOP-RBRK20I" name="handling_secure_http_server.handlecertificate" tests="1" failures="0" timestamp="2021-05-27T15:29:51 IST" time="25.633" errors="0">
  <testcase name="httpsecure" time="25.633" classname="handling_secure_http_server.handlecertificate"/>
  <system-out/>
</testsuite> <!-- handling_secure_http_server.handlecertificate -->
