<?xml version="1.0" encoding="UTF-8"?>
<!-- Generated by org.testng.reporters.JUnitReportReporter -->
<testsuite skipped="0" hostname="DESKTOP-RBRK20I" name="screenshot.screenshotdemo" tests="1" failures="0" timestamp="2021-05-23T18:09:43 IST" time="12.893" errors="0">
  <testcase name="takescreenshot" time="12.893" classname="screenshot.screenshotdemo"/>
  <system-out/>
</testsuite> <!-- screenshot.screenshotdemo -->
