<?xml version="1.0" encoding="UTF-8"?>
<!-- Generated by org.testng.reporters.JUnitReportReporter -->
<testsuite skipped="0" hostname="LAPTOP-4352LHDG" name="proxy_server_test.proxytest" tests="1" failures="0" timestamp="2022-04-19T12:49:30 IST" time="11.503" errors="0">
  <testcase name="test" time="11.503" classname="proxy_server_test.proxytest"/>
  <system-out/>
</testsuite> <!-- proxy_server_test.proxytest -->
