<?xml version="1.0" encoding="UTF-8"?>
<!-- Generated by org.testng.reporters.JUnitReportReporter -->
<testsuite skipped="0" hostname="DESKTOP-RBRK20I" name="dropdownhandling.bootstrapdropdown" tests="1" failures="0" timestamp="2021-05-23T12:57:50 IST" time="9.647" errors="0">
  <testcase name="bootstrap" time="9.647" classname="dropdownhandling.bootstrapdropdown"/>
  <system-out/>
</testsuite> <!-- dropdownhandling.bootstrapdropdown -->
