<?xml version="1.0" encoding="UTF-8"?>
<!-- Generated by org.testng.reporters.JUnitReportReporter -->
<testsuite skipped="0" hostname="DESKTOP-RBRK20I" name="proxy_server_test.proxytest" tests="1" failures="0" timestamp="2021-05-25T22:06:38 IST" time="9.428" errors="0">
  <testcase name="test" time="9.428" classname="proxy_server_test.proxytest"/>
  <system-out/>
</testsuite> <!-- proxy_server_test.proxytest -->
