<?xml version="1.0" encoding="UTF-8"?>
<!-- Generated by org.testng.reporters.JUnitReportReporter -->
<testsuite skipped="0" hostname="DESKTOP-RBRK20I" name="dropdownhandling.dropdown" tests="1" failures="0" timestamp="2021-05-19T14:17:35 IST" time="7.284" errors="0">
  <testcase name="selectdropdown" time="7.284" classname="dropdownhandling.dropdown"/>
  <system-out/>
</testsuite> <!-- dropdownhandling.dropdown -->
