<?xml version="1.0" encoding="UTF-8"?>
<!-- Generated by org.testng.reporters.JUnitReportReporter -->
<testsuite hostname="NICE-22L5DL3" failures="0" tests="1" name="handling_secure_http_server.handlecertificate" time="26.247" errors="0" timestamp="2025-05-16T14:45:17 IST" skipped="0">
  <testcase classname="handling_secure_http_server.handlecertificate" name="httpsecure" time="26.247"/>
  <system-out/>
</testsuite> <!-- handling_secure_http_server.handlecertificate -->
