<?xml version="1.0" encoding="UTF-8"?>
<!-- Generated by org.testng.reporters.JUnitReportReporter -->
<testsuite skipped="0" hostname="DESKTOP-RBRK20I" name="verification_and_validation.verifyerror" tests="1" failures="0" timestamp="2021-05-18T15:27:19 IST" time="6.448" errors="0">
  <testcase name="verify" time="6.448" classname="verification_and_validation.verifyerror"/>
  <system-out/>
</testsuite> <!-- verification_and_validation.verifyerror -->
