<?xml version="1.0" encoding="UTF-8"?>
<!-- Generated by org.testng.reporters.JUnitReportReporter -->
<testsuite skipped="0" hostname="DESKTOP-RBRK20I" name="Alerthandling.handlealert" tests="1" failures="0" timestamp="2021-05-19T14:18:43 IST" time="7.353" errors="0">
  <testcase name="alerthandle" time="7.353" classname="Alerthandling.handlealert"/>
  <system-out/>
</testsuite> <!-- Alerthandling.handlealert -->
