<?xml version="1.0" encoding="UTF-8"?>
<!-- Generated by org.testng.reporters.JUnitReportReporter -->
<testsuite skipped="0" hostname="DESKTOP-RBRK20I" name="Crossbrowsertesting.verifycrossbrowser" tests="2" failures="0" timestamp="2021-05-23T22:34:25 IST" time="55.175" errors="0">
  <testcase name="crossbrowsertest" time="45.683" classname="Crossbrowsertesting.verifycrossbrowser"/>
  <system-out/>
  <testcase name="crossbrowsertest" time="9.492" classname="Crossbrowsertesting.verifycrossbrowser"/>
  <system-out/>
</testsuite> <!-- Crossbrowsertesting.verifycrossbrowser -->
