<?xml version="1.0" encoding="UTF-8"?>
<!-- Generated by org.testng.reporters.JUnitReportReporter -->
<testsuite skipped="0" hostname="DESKTOP-RBRK20I" name="VerifyBrokenLink.verifybrokenlinks" tests="1" failures="0" timestamp="2021-05-24T19:17:36 IST" time="9.831" errors="0">
  <testcase name="testbrokenlinks" time="9.831" classname="VerifyBrokenLink.verifybrokenlinks"/>
  <system-out/>
</testsuite> <!-- VerifyBrokenLink.verifybrokenlinks -->
