<?xml version="1.0" encoding="UTF-8"?>
<!-- Generated by org.testng.reporters.JUnitReportReporter -->
<testsuite skipped="0" hostname="DESKTOP-RBRK20I" name="handling_auth_popup.handleauthpopup" tests="1" failures="0" timestamp="2021-05-25T21:35:24 IST" time="11.799" errors="0">
  <testcase name="authpopup" time="11.799" classname="handling_auth_popup.handleauthpopup"/>
  <system-out/>
</testsuite> <!-- handling_auth_popup.handleauthpopup -->
